0 info it worked if it ends with ok
1 verbose cli [ '/Users/igz/.nvm/versions/node/v6.1.0/bin/node',
1 verbose cli   '/Users/igz/.nvm/versions/node/v6.1.0/lib/node_modules/npm/bin/npm-cli.js',
1 verbose cli   'run-script',
1 verbose cli   'start' ]
2 info using npm@3.8.6
3 info using node@v6.1.0
4 verbose run-script [ 'prestart', 'start', 'poststart' ]
5 info lifecycle cookbook-ng2@0.0.1~prestart: cookbook-ng2@0.0.1
6 silly lifecycle cookbook-ng2@0.0.1~prestart: no script for prestart, continuing
7 info lifecycle cookbook-ng2@0.0.1~start: cookbook-ng2@0.0.1
8 verbose lifecycle cookbook-ng2@0.0.1~start: unsafe-perm in lifecycle true
9 verbose lifecycle cookbook-ng2@0.0.1~start: PATH: /Users/igz/.nvm/versions/node/v6.1.0/lib/node_modules/npm/bin/node-gyp-bin:/Users/igz/dev/src/cookbook-ng2/node_modules/.bin:/Users/igz/.nvm/versions/node/v6.1.0/bin:/opt/local/bin:/opt/local/sbin:/Users/igz/google-cloud-sdk/bin:/Users/igz/.nvm/versions/node/v6.1.0/bin:/Users/igz/dev/tools/apache-maven-3.1.1/bin:/Users/igz/dev/tools/apache-ant-1.9.4/bin:/Users/igz/.ffmpeg:/usr/local/bin:/usr/bin:/bin:/usr/sbin:/sbin
10 verbose lifecycle cookbook-ng2@0.0.1~start: CWD: /Users/igz/dev/src/cookbook-ng2
11 silly lifecycle cookbook-ng2@0.0.1~start: Args: [ '-c',
11 silly lifecycle   'tsc && concurrently "npm run sparrest" "npm run tsc:w" "npm run lite"' ]
12 silly lifecycle cookbook-ng2@0.0.1~start: Returned: code: 2  signal: null
13 info lifecycle cookbook-ng2@0.0.1~start: Failed to exec start script
14 verbose stack Error: cookbook-ng2@0.0.1 start: `tsc && concurrently "npm run sparrest" "npm run tsc:w" "npm run lite"`
14 verbose stack Exit status 2
14 verbose stack     at EventEmitter.<anonymous> (/Users/igz/.nvm/versions/node/v6.1.0/lib/node_modules/npm/lib/utils/lifecycle.js:239:16)
14 verbose stack     at emitTwo (events.js:106:13)
14 verbose stack     at EventEmitter.emit (events.js:191:7)
14 verbose stack     at ChildProcess.<anonymous> (/Users/igz/.nvm/versions/node/v6.1.0/lib/node_modules/npm/lib/utils/spawn.js:24:14)
14 verbose stack     at emitTwo (events.js:106:13)
14 verbose stack     at ChildProcess.emit (events.js:191:7)
14 verbose stack     at maybeClose (internal/child_process.js:850:16)
14 verbose stack     at Process.ChildProcess._handle.onexit (internal/child_process.js:215:5)
15 verbose pkgid cookbook-ng2@0.0.1
16 verbose cwd /Users/igz/dev/src/cookbook-ng2
17 error Darwin 15.5.0
18 error argv "/Users/igz/.nvm/versions/node/v6.1.0/bin/node" "/Users/igz/.nvm/versions/node/v6.1.0/lib/node_modules/npm/bin/npm-cli.js" "run-script" "start"
19 error node v6.1.0
20 error npm  v3.8.6
21 error code ELIFECYCLE
22 error cookbook-ng2@0.0.1 start: `tsc && concurrently "npm run sparrest" "npm run tsc:w" "npm run lite"`
22 error Exit status 2
23 error Failed at the cookbook-ng2@0.0.1 start script 'tsc && concurrently "npm run sparrest" "npm run tsc:w" "npm run lite"'.
23 error Make sure you have the latest version of node.js and npm installed.
23 error If you do, this is most likely a problem with the cookbook-ng2 package,
23 error not with npm itself.
23 error Tell the author that this fails on your system:
23 error     tsc && concurrently "npm run sparrest" "npm run tsc:w" "npm run lite"
23 error You can get information on how to open an issue for this project with:
23 error     npm bugs cookbook-ng2
23 error Or if that isn't available, you can get their info via:
23 error     npm owner ls cookbook-ng2
23 error There is likely additional logging output above.
24 verbose exit [ 1, true ]
